<?xml version="1.0" encoding="UTF-8"?>
<!-- Generated by org.testng.reporters.JUnitReportReporter -->
<testsuite skipped="0" hostname="DESKTOP-U4OMEBF" name="automationFramework.FirstTestCase" tests="2" failures="0" timestamp="22 Jun 2018 09:13:28 GMT" time="35.349" errors="0">
  <testcase name="getTitle" time="0.108" classname="automationFramework.FirstTestCase"/>
  <testcase name="logInErrorMessageCheck" time="35.241" classname="automationFramework.FirstTestCase"/>
</testsuite> <!-- automationFramework.FirstTestCase -->
