<?xml version="1.0" encoding="UTF-8"?>
<!-- Generated by org.testng.reporters.JUnitReportReporter -->
<testsuite skipped="0" hostname="DESKTOP-U4OMEBF" name="automationFramework.SecondTestCase" tests="1" failures="0" timestamp="25 Jun 2018 06:53:22 GMT" time="0.125" errors="0">
  <testcase name="getTitle" time="0.125" classname="automationFramework.SecondTestCase"/>
</testsuite> <!-- automationFramework.SecondTestCase -->
