<?xml version="1.0" encoding="UTF-8"?>
<!-- Generated by org.testng.reporters.JUnitReportReporter -->
<testsuite skipped="0" hostname="DESKTOP-U4OMEBF" name="automationFramework.SecondTestCase" tests="4" failures="0" timestamp="26 Jun 2018 08:06:44 GMT" time="24.486" errors="0">
  <testcase name="getTitle" time="0.443" classname="automationFramework.SecondTestCase"/>
  <testcase name="KYCAccessTest" time="11.530" classname="automationFramework.SecondTestCase"/>
  <testcase name="getTitle" time="0.823" classname="automationFramework.SecondTestCase"/>
  <testcase name="KYCAccessTest" time="11.690" classname="automationFramework.SecondTestCase"/>
</testsuite> <!-- automationFramework.SecondTestCase -->
