<?xml version="1.0" encoding="UTF-8"?>
<!-- Generated by org.testng.reporters.JUnitReportReporter -->
<testsuite skipped="0" hostname="DESKTOP-U4OMEBF" name="automationFramework.FirstTestCase" tests="4" failures="0" timestamp="19 Jun 2018 08:02:04 GMT" time="82.753" errors="0">
  <testcase name="getTitle" time="0.027" classname="automationFramework.FirstTestCase"/>
  <testcase name="logInErrorMessageCheck" time="43.578" classname="automationFramework.FirstTestCase"/>
  <testcase name="getTitle" time="0.101" classname="automationFramework.FirstTestCase"/>
  <testcase name="logInErrorMessageCheck" time="39.047" classname="automationFramework.FirstTestCase"/>
</testsuite> <!-- automationFramework.FirstTestCase -->
